[
    {
        "pose": {
            "score": 0.08051307728815385,
            "keypoints": [
                {
                    "score": 0.16506601870059967,
                    "part": "nose",
                    "position": {
                        "x": 351.62325729191997,
                        "y": 318.4987361329075
                    }
                },
                {
                    "score": 0.40709444880485535,
                    "part": "leftEye",
                    "position": {
                        "x": 406.1374275415324,
                        "y": 264.4815004103842
                    }
                },
                {
                    "score": 0.5028728246688843,
                    "part": "rightEye",
                    "position": {
                        "x": 308.6831771909959,
                        "y": 263.1286811086454
                    }
                },
                {
                    "score": 0.09136227518320084,
                    "part": "leftEar",
                    "position": {
                        "x": 437.9105684451092,
                        "y": 266.97693583566394
                    }
                },
                {
                    "score": 0.0979740247130394,
                    "part": "rightEar",
                    "position": {
                        "x": 266.7896374654213,
                        "y": 264.7522471387099
                    }
                },
                {
                    "score": 0.001262407866306603,
                    "part": "leftShoulder",
                    "position": {
                        "x": 465.8839303695738,
                        "y": 518.1755337919243
                    }
                },
                {
                    "score": 0.0007561290985904634,
                    "part": "rightShoulder",
                    "position": {
                        "x": 222.15782195213703,
                        "y": 521.756733697676
                    }
                },
                {
                    "score": 0.0002524809096939862,
                    "part": "leftElbow",
                    "position": {
                        "x": 465.3682961074295,
                        "y": 557.1301122583768
                    }
                },
                {
                    "score": 0.0017149747582152486,
                    "part": "rightElbow",
                    "position": {
                        "x": 197.17912814960405,
                        "y": 555.0648681106271
                    }
                },
                {
                    "score": 0.00048140936996787786,
                    "part": "leftWrist",
                    "position": {
                        "x": 381.3213375106396,
                        "y": 530.4043579101562
                    }
                },
                {
                    "score": 0.0024105217307806015,
                    "part": "rightWrist",
                    "position": {
                        "x": 201.76774169684384,
                        "y": 513.5037759862521
                    }
                },
                {
                    "score": 0.0027120262384414673,
                    "part": "leftHip",
                    "position": {
                        "x": 412.98045355058366,
                        "y": 501.4159705017328
                    }
                },
                {
                    "score": 0.002280282322317362,
                    "part": "rightHip",
                    "position": {
                        "x": 242.22887150508421,
                        "y": 502.6668895914397
                    }
                },
                {
                    "score": 0.020292386412620544,
                    "part": "leftKnee",
                    "position": {
                        "x": 390.2835866727718,
                        "y": 490.6079362802468
                    }
                },
                {
                    "score": 0.0151474354788661,
                    "part": "rightKnee",
                    "position": {
                        "x": 251.5675823048395,
                        "y": 492.34871355939936
                    }
                },
                {
                    "score": 0.022515105083584785,
                    "part": "leftAnkle",
                    "position": {
                        "x": 387.2495290555843,
                        "y": 555.8677263668076
                    }
                },
                {
                    "score": 0.03452756255865097,
                    "part": "rightAnkle",
                    "position": {
                        "x": 282.12406232663164,
                        "y": 548.9202085264926
                    }
                }
            ],
            "nose": {
                "x": 351.62325729191997,
                "y": 318.4987361329075,
                "confidence": 0.16506601870059967
            },
            "leftEye": {
                "x": 406.1374275415324,
                "y": 264.4815004103842,
                "confidence": 0.40709444880485535
            },
            "rightEye": {
                "x": 308.6831771909959,
                "y": 263.1286811086454,
                "confidence": 0.5028728246688843
            },
            "leftEar": {
                "x": 437.9105684451092,
                "y": 266.97693583566394,
                "confidence": 0.09136227518320084
            },
            "rightEar": {
                "x": 266.7896374654213,
                "y": 264.7522471387099,
                "confidence": 0.0979740247130394
            },
            "leftShoulder": {
                "x": 465.8839303695738,
                "y": 518.1755337919243,
                "confidence": 0.001262407866306603
            },
            "rightShoulder": {
                "x": 222.15782195213703,
                "y": 521.756733697676,
                "confidence": 0.0007561290985904634
            },
            "leftElbow": {
                "x": 465.3682961074295,
                "y": 557.1301122583768,
                "confidence": 0.0002524809096939862
            },
            "rightElbow": {
                "x": 197.17912814960405,
                "y": 555.0648681106271,
                "confidence": 0.0017149747582152486
            },
            "leftWrist": {
                "x": 381.3213375106396,
                "y": 530.4043579101562,
                "confidence": 0.00048140936996787786
            },
            "rightWrist": {
                "x": 201.76774169684384,
                "y": 513.5037759862521,
                "confidence": 0.0024105217307806015
            },
            "leftHip": {
                "x": 412.98045355058366,
                "y": 501.4159705017328,
                "confidence": 0.0027120262384414673
            },
            "rightHip": {
                "x": 242.22887150508421,
                "y": 502.6668895914397,
                "confidence": 0.002280282322317362
            },
            "leftKnee": {
                "x": 390.2835866727718,
                "y": 490.6079362802468,
                "confidence": 0.020292386412620544
            },
            "rightKnee": {
                "x": 251.5675823048395,
                "y": 492.34871355939936,
                "confidence": 0.0151474354788661
            },
            "leftAnkle": {
                "x": 387.2495290555843,
                "y": 555.8677263668076,
                "confidence": 0.022515105083584785
            },
            "rightAnkle": {
                "x": 282.12406232663164,
                "y": 548.9202085264926,
                "confidence": 0.03452756255865097
            }
        },
        "skeleton": []
    }
]